In file included from MultiClassClassificator.h:12:0,
                 from main.cpp:14:
Common.h:7:2: error: reference to ‘fmat’ is ambiguous
Common.h:4:7: error: candidates are: class fmat
In file included from /usr/include/armadillo:104:0,
                 from Image.h:11,
                 from main.cpp:13:
/usr/include/armadillo_bits/typedef.hpp:139:21: error:                 typedef class arma::Mat<float> arma::fmat
In file included from MultiClassClassificator.h:12:0,
                 from main.cpp:14:
Common.h:7:2: error: ‘fmat’ does not name a type
Common.h:8:2: error: reference to ‘fmat’ is ambiguous
Common.h:4:7: error: candidates are: class fmat
In file included from /usr/include/armadillo:104:0,
                 from Image.h:11,
                 from main.cpp:13:
/usr/include/armadillo_bits/typedef.hpp:139:21: error:                 typedef class arma::Mat<float> arma::fmat
In file included from MultiClassClassificator.h:12:0,
                 from main.cpp:14:
Common.h:8:2: error: ‘fmat’ does not name a type
Common.h:11:2: error: reference to ‘fmat’ is ambiguous
Common.h:4:7: error: candidates are: class fmat
In file included from /usr/include/armadillo:104:0,
                 from Image.h:11,
                 from main.cpp:13:
/usr/include/armadillo_bits/typedef.hpp:139:21: error:                 typedef class arma::Mat<float> arma::fmat
In file included from MultiClassClassificator.h:12:0,
                 from main.cpp:14:
Common.h:11:2: error: ‘fmat’ does not name a type
In file included from main.cpp:14:0:
MultiClassClassificator.h:21:12: error: reference to ‘fmat’ is ambiguous
In file included from MultiClassClassificator.h:12:0,
                 from main.cpp:14:
Common.h:4:7: error: candidates are: class fmat
In file included from /usr/include/armadillo:104:0,
                 from Image.h:11,
                 from main.cpp:13:
/usr/include/armadillo_bits/typedef.hpp:139:21: error:                 typedef class arma::Mat<float> arma::fmat
In file included from main.cpp:14:0:
MultiClassClassificator.h:21:12: error: ‘fmat’ does not name a type
MultiClassClassificator.h:22:12: error: reference to ‘fmat’ is ambiguous
In file included from MultiClassClassificator.h:12:0,
                 from main.cpp:14:
Common.h:4:7: error: candidates are: class fmat
In file included from /usr/include/armadillo:104:0,
                 from Image.h:11,
                 from main.cpp:13:
/usr/include/armadillo_bits/typedef.hpp:139:21: error:                 typedef class arma::Mat<float> arma::fmat
In file included from main.cpp:14:0:
MultiClassClassificator.h:22:12: error: ‘fmat’ does not name a type
MultiClassClassificator.h:23:25: error: reference to ‘fmat’ is ambiguous
In file included from MultiClassClassificator.h:12:0,
                 from main.cpp:14:
Common.h:4:7: error: candidates are: class fmat
In file included from /usr/include/armadillo:104:0,
                 from Image.h:11,
                 from main.cpp:13:
/usr/include/armadillo_bits/typedef.hpp:139:21: error:                 typedef class arma::Mat<float> arma::fmat
In file included from main.cpp:14:0:
MultiClassClassificator.h:23:25: error: ‘fmat’ has not been declared
MultiClassClassificator.h:23:37: error: reference to ‘fmat’ is ambiguous
In file included from MultiClassClassificator.h:12:0,
                 from main.cpp:14:
Common.h:4:7: error: candidates are: class fmat
In file included from /usr/include/armadillo:104:0,
                 from Image.h:11,
                 from main.cpp:13:
/usr/include/armadillo_bits/typedef.hpp:139:21: error:                 typedef class arma::Mat<float> arma::fmat
In file included from main.cpp:14:0:
MultiClassClassificator.h:23:37: error: ‘fmat’ has not been declared
MultiClassClassificator.h:23:45: error: reference to ‘fmat’ is ambiguous
In file included from MultiClassClassificator.h:12:0,
                 from main.cpp:14:
Common.h:4:7: error: candidates are: class fmat
In file included from /usr/include/armadillo:104:0,
                 from Image.h:11,
                 from main.cpp:13:
/usr/include/armadillo_bits/typedef.hpp:139:21: error:                 typedef class arma::Mat<float> arma::fmat
In file included from main.cpp:14:0:
MultiClassClassificator.h:23:45: error: ‘fmat’ has not been declared
MultiClassClassificator.h:26:40: error: reference to ‘fmat’ is ambiguous
In file included from MultiClassClassificator.h:12:0,
                 from main.cpp:14:
Common.h:4:7: error: candidates are: class fmat
In file included from /usr/include/armadillo:104:0,
                 from Image.h:11,
                 from main.cpp:13:
/usr/include/armadillo_bits/typedef.hpp:139:21: error:                 typedef class arma::Mat<float> arma::fmat
In file included from main.cpp:14:0:
MultiClassClassificator.h:26:40: error: ‘fmat’ has not been declared
MultiClassClassificator.h:26:55: error: reference to ‘fmat’ is ambiguous
In file included from MultiClassClassificator.h:12:0,
                 from main.cpp:14:
Common.h:4:7: error: candidates are: class fmat
In file included from /usr/include/armadillo:104:0,
                 from Image.h:11,
                 from main.cpp:13:
/usr/include/armadillo_bits/typedef.hpp:139:21: error:                 typedef class arma::Mat<float> arma::fmat
In file included from main.cpp:14:0:
MultiClassClassificator.h:26:55: error: ‘fmat’ has not been declared
main.cpp:26:40: error: template declaration of ‘T* convertArmadilloMatrixToNormalArray’
main.cpp:26:40: error: reference to ‘fmat’ is ambiguous
In file included from MultiClassClassificator.h:12:0,
                 from main.cpp:14:
Common.h:4:7: error: candidates are: class fmat
In file included from /usr/include/armadillo:104:0,
                 from Image.h:11,
                 from main.cpp:13:
/usr/include/armadillo_bits/typedef.hpp:139:21: error:                 typedef class arma::Mat<float> arma::fmat
main.cpp: In function ‘int main(int, const char**)’:
main.cpp:71:5: error: reference to ‘fmat’ is ambiguous
In file included from MultiClassClassificator.h:12:0,
                 from main.cpp:14:
Common.h:4:7: error: candidates are: class fmat
In file included from /usr/include/armadillo:104:0,
                 from Image.h:11,
                 from main.cpp:13:
/usr/include/armadillo_bits/typedef.hpp:139:21: error:                 typedef class arma::Mat<float> arma::fmat
main.cpp:71:10: error: expected ‘;’ before ‘X’
main.cpp:72:5: error: ‘X’ was not declared in this scope
main.cpp:73:5: error: ‘y’ was not declared in this scope
main.cpp:78:2: error: reference to ‘fmat’ is ambiguous
In file included from MultiClassClassificator.h:12:0,
                 from main.cpp:14:
Common.h:4:7: error: candidates are: class fmat
In file included from /usr/include/armadillo:104:0,
                 from Image.h:11,
                 from main.cpp:13:
/usr/include/armadillo_bits/typedef.hpp:139:21: error:                 typedef class arma::Mat<float> arma::fmat
main.cpp:78:7: error: expected ‘;’ before ‘one_vector’
main.cpp:79:16: error: ‘one_vector’ was not declared in this scope
main.cpp:114:4: error: reference to ‘fmat’ is ambiguous
In file included from MultiClassClassificator.h:12:0,
                 from main.cpp:14:
Common.h:4:7: error: candidates are: class fmat
In file included from /usr/include/armadillo:104:0,
                 from Image.h:11,
                 from main.cpp:13:
/usr/include/armadillo_bits/typedef.hpp:139:21: error:                 typedef class arma::Mat<float> arma::fmat
main.cpp:114:9: error: expected ‘;’ before ‘thetaMatrix1’
main.cpp:115:4: error: reference to ‘fmat’ is ambiguous
In file included from MultiClassClassificator.h:12:0,
                 from main.cpp:14:
Common.h:4:7: error: candidates are: class fmat
In file included from /usr/include/armadillo:104:0,
                 from Image.h:11,
                 from main.cpp:13:
/usr/include/armadillo_bits/typedef.hpp:139:21: error:                 typedef class arma::Mat<float> arma::fmat
main.cpp:115:9: error: expected ‘;’ before ‘thetaMatrix2’
main.cpp:117:35: error: ‘thetaMatrix1’ was not declared in this scope
main.cpp:118:36: error: ‘thetaMatrix2’ was not declared in this scope
main.cpp:126:4: error: reference to ‘fmat’ is ambiguous
In file included from MultiClassClassificator.h:12:0,
                 from main.cpp:14:
Common.h:4:7: error: candidates are: class fmat
In file included from /usr/include/armadillo:104:0,
                 from Image.h:11,
                 from main.cpp:13:
/usr/include/armadillo_bits/typedef.hpp:139:21: error:                 typedef class arma::Mat<float> arma::fmat
main.cpp:126:9: error: expected ‘;’ before ‘allThetaMatrix’
main.cpp:127:53: error: ‘allThetaMatrix’ was not declared in this scope
main.cpp:138:2: error: reference to ‘fmat’ is ambiguous
In file included from MultiClassClassificator.h:12:0,
                 from main.cpp:14:
Common.h:4:7: error: candidates are: class fmat
In file included from /usr/include/armadillo:104:0,
                 from Image.h:11,
                 from main.cpp:13:
/usr/include/armadillo_bits/typedef.hpp:139:21: error:                 typedef class arma::Mat<float> arma::fmat
main.cpp:138:7: error: expected ‘;’ before ‘allTheta’
main.cpp:139:19: error: ‘convertArmadilloMatrixToNormalArray’ was not declared in this scope
main.cpp:139:55: error: expected primary-expression before ‘float’
main.cpp:139:55: error: expected ‘,’ or ‘;’ before ‘float’
main.cpp:140:54: error: expected primary-expression before ‘int’
main.cpp:140:54: error: expected ‘,’ or ‘;’ before ‘int’
main.cpp:141:63: error: expected primary-expression before ‘float’
main.cpp:141:63: error: expected ‘,’ or ‘;’ before ‘float’
main.cpp:142:55: error: expected primary-expression before ‘float’
main.cpp:142:55: error: expected ‘,’ or ‘;’ before ‘float’
main.cpp:145:11: warning: unused variable ‘transposeASM’ [-Wunused-variable]
In file included from MultiClassClassificator.h:12:0,
                 from MultiClassClassificator.cpp:11:
Common.h:7:7: error: field ‘X’ has incomplete type
Common.h:8:7: error: field ‘y’ has incomplete type
In file included from MultiClassClassificator.cpp:11:0:
MultiClassClassificator.h:21:12: error: reference to ‘fmat’ is ambiguous
In file included from MultiClassClassificator.h:12:0,
                 from MultiClassClassificator.cpp:11:
Common.h:4:7: error: candidates are: class fmat
In file included from /usr/include/armadillo:104:0,
                 from Common.h:3,
                 from MultiClassClassificator.h:12,
                 from MultiClassClassificator.cpp:11:
/usr/include/armadillo_bits/typedef.hpp:139:21: error:                 typedef class arma::Mat<float> arma::fmat
In file included from MultiClassClassificator.cpp:11:0:
MultiClassClassificator.h:21:12: error: ‘fmat’ does not name a type
MultiClassClassificator.h:22:12: error: reference to ‘fmat’ is ambiguous
In file included from MultiClassClassificator.h:12:0,
                 from MultiClassClassificator.cpp:11:
Common.h:4:7: error: candidates are: class fmat
In file included from /usr/include/armadillo:104:0,
                 from Common.h:3,
                 from MultiClassClassificator.h:12,
                 from MultiClassClassificator.cpp:11:
/usr/include/armadillo_bits/typedef.hpp:139:21: error:                 typedef class arma::Mat<float> arma::fmat
In file included from MultiClassClassificator.cpp:11:0:
MultiClassClassificator.h:22:12: error: ‘fmat’ does not name a type
MultiClassClassificator.h:23:25: error: reference to ‘fmat’ is ambiguous
In file included from MultiClassClassificator.h:12:0,
                 from MultiClassClassificator.cpp:11:
Common.h:4:7: error: candidates are: class fmat
In file included from /usr/include/armadillo:104:0,
                 from Common.h:3,
                 from MultiClassClassificator.h:12,
                 from MultiClassClassificator.cpp:11:
/usr/include/armadillo_bits/typedef.hpp:139:21: error:                 typedef class arma::Mat<float> arma::fmat
In file included from MultiClassClassificator.cpp:11:0:
MultiClassClassificator.h:23:25: error: ‘fmat’ has not been declared
MultiClassClassificator.h:23:37: error: reference to ‘fmat’ is ambiguous
In file included from MultiClassClassificator.h:12:0,
                 from MultiClassClassificator.cpp:11:
Common.h:4:7: error: candidates are: class fmat
In file included from /usr/include/armadillo:104:0,
                 from Common.h:3,
                 from MultiClassClassificator.h:12,
                 from MultiClassClassificator.cpp:11:
/usr/include/armadillo_bits/typedef.hpp:139:21: error:                 typedef class arma::Mat<float> arma::fmat
In file included from MultiClassClassificator.cpp:11:0:
MultiClassClassificator.h:23:37: error: ‘fmat’ has not been declared
MultiClassClassificator.h:23:45: error: reference to ‘fmat’ is ambiguous
In file included from MultiClassClassificator.h:12:0,
                 from MultiClassClassificator.cpp:11:
Common.h:4:7: error: candidates are: class fmat
In file included from /usr/include/armadillo:104:0,
                 from Common.h:3,
                 from MultiClassClassificator.h:12,
                 from MultiClassClassificator.cpp:11:
/usr/include/armadillo_bits/typedef.hpp:139:21: error:                 typedef class arma::Mat<float> arma::fmat
In file included from MultiClassClassificator.cpp:11:0:
MultiClassClassificator.h:23:45: error: ‘fmat’ has not been declared
MultiClassClassificator.h:26:40: error: reference to ‘fmat’ is ambiguous
In file included from MultiClassClassificator.h:12:0,
                 from MultiClassClassificator.cpp:11:
Common.h:4:7: error: candidates are: class fmat
In file included from /usr/include/armadillo:104:0,
                 from Common.h:3,
                 from MultiClassClassificator.h:12,
                 from MultiClassClassificator.cpp:11:
/usr/include/armadillo_bits/typedef.hpp:139:21: error:                 typedef class arma::Mat<float> arma::fmat
In file included from MultiClassClassificator.cpp:11:0:
MultiClassClassificator.h:26:40: error: ‘fmat’ has not been declared
MultiClassClassificator.h:26:55: error: reference to ‘fmat’ is ambiguous
In file included from MultiClassClassificator.h:12:0,
                 from MultiClassClassificator.cpp:11:
Common.h:4:7: error: candidates are: class fmat
In file included from /usr/include/armadillo:104:0,
                 from Common.h:3,
                 from MultiClassClassificator.h:12,
                 from MultiClassClassificator.cpp:11:
/usr/include/armadillo_bits/typedef.hpp:139:21: error:                 typedef class arma::Mat<float> arma::fmat
In file included from MultiClassClassificator.cpp:11:0:
MultiClassClassificator.h:26:55: error: ‘fmat’ has not been declared
MultiClassClassificator.cpp:13:1: error: reference to ‘fmat’ is ambiguous
In file included from MultiClassClassificator.h:12:0,
                 from MultiClassClassificator.cpp:11:
Common.h:4:7: error: candidates are: class fmat
In file included from /usr/include/armadillo:104:0,
                 from Common.h:3,
                 from MultiClassClassificator.h:12,
                 from MultiClassClassificator.cpp:11:
/usr/include/armadillo_bits/typedef.hpp:139:21: error:                 typedef class arma::Mat<float> arma::fmat
MultiClassClassificator.cpp:13:1: error: ‘fmat’ does not name a type
MultiClassClassificator.cpp:18:46: error: ‘double MultiClassClassificator::costFunction’ is not a static member of ‘class MultiClassClassificator’
MultiClassClassificator.cpp:18:46: error: reference to ‘fmat’ is ambiguous
In file included from MultiClassClassificator.h:12:0,
                 from MultiClassClassificator.cpp:11:
Common.h:4:7: error: candidates are: class fmat
In file included from /usr/include/armadillo:104:0,
                 from Common.h:3,
                 from MultiClassClassificator.h:12,
                 from MultiClassClassificator.cpp:11:
/usr/include/armadillo_bits/typedef.hpp:139:21: error:                 typedef class arma::Mat<float> arma::fmat
MultiClassClassificator.cpp:18:58: error: reference to ‘fmat’ is ambiguous
In file included from MultiClassClassificator.h:12:0,
                 from MultiClassClassificator.cpp:11:
Common.h:4:7: error: candidates are: class fmat
In file included from /usr/include/armadillo:104:0,
                 from Common.h:3,
                 from MultiClassClassificator.h:12,
                 from MultiClassClassificator.cpp:11:
/usr/include/armadillo_bits/typedef.hpp:139:21: error:                 typedef class arma::Mat<float> arma::fmat
MultiClassClassificator.cpp:18:66: error: reference to ‘fmat’ is ambiguous
In file included from MultiClassClassificator.h:12:0,
                 from MultiClassClassificator.cpp:11:
Common.h:4:7: error: candidates are: class fmat
In file included from /usr/include/armadillo:104:0,
                 from Common.h:3,
                 from MultiClassClassificator.h:12,
                 from MultiClassClassificator.cpp:11:
/usr/include/armadillo_bits/typedef.hpp:139:21: error:                 typedef class arma::Mat<float> arma::fmat
MultiClassClassificator.cpp:18:72: error: expression list treated as compound expression in initializer [-fpermissive]
MultiClassClassificator.cpp:19:1: error: expected ‘,’ or ‘;’ before ‘{’ token
MultiClassClassificator.cpp:28:1: error: reference to ‘fmat’ is ambiguous
In file included from MultiClassClassificator.h:12:0,
                 from MultiClassClassificator.cpp:11:
Common.h:4:7: error: candidates are: class fmat
In file included from /usr/include/armadillo:104:0,
                 from Common.h:3,
                 from MultiClassClassificator.h:12,
                 from MultiClassClassificator.cpp:11:
/usr/include/armadillo_bits/typedef.hpp:139:21: error:                 typedef class arma::Mat<float> arma::fmat
MultiClassClassificator.cpp:28:1: error: ‘fmat’ does not name a type
MultiClassClassificator.cpp: In static member function ‘static void* MultiClassClassificator::trainThetaMatrix(void*)’:
MultiClassClassificator.cpp:53:2: error: reference to ‘fmat’ is ambiguous
In file included from MultiClassClassificator.h:12:0,
                 from MultiClassClassificator.cpp:11:
Common.h:4:7: error: candidates are: class fmat
In file included from /usr/include/armadillo:104:0,
                 from Common.h:3,
                 from MultiClassClassificator.h:12,
                 from MultiClassClassificator.cpp:11:
/usr/include/armadillo_bits/typedef.hpp:139:21: error:                 typedef class arma::Mat<float> arma::fmat
MultiClassClassificator.cpp:53:7: error: expected ‘;’ before ‘X’
MultiClassClassificator.cpp:54:2: error: reference to ‘fmat’ is ambiguous
In file included from MultiClassClassificator.h:12:0,
                 from MultiClassClassificator.cpp:11:
Common.h:4:7: error: candidates are: class fmat
In file included from /usr/include/armadillo:104:0,
                 from Common.h:3,
                 from MultiClassClassificator.h:12,
                 from MultiClassClassificator.cpp:11:
/usr/include/armadillo_bits/typedef.hpp:139:21: error:                 typedef class arma::Mat<float> arma::fmat
MultiClassClassificator.cpp:54:7: error: expected ‘;’ before ‘y’
MultiClassClassificator.cpp:57:2: error: reference to ‘fmat’ is ambiguous
In file included from MultiClassClassificator.h:12:0,
                 from MultiClassClassificator.cpp:11:
Common.h:4:7: error: candidates are: class fmat
In file included from /usr/include/armadillo:104:0,
                 from Common.h:3,
                 from MultiClassClassificator.h:12,
                 from MultiClassClassificator.cpp:11:
/usr/include/armadillo_bits/typedef.hpp:139:21: error:                 typedef class arma::Mat<float> arma::fmat
MultiClassClassificator.cpp:57:8: error: ‘allTheta’ was not declared in this scope
MultiClassClassificator.cpp:60:6: error: reference to ‘fmat’ is ambiguous
In file included from MultiClassClassificator.h:12:0,
                 from MultiClassClassificator.cpp:11:
Common.h:4:7: error: candidates are: class fmat
In file included from /usr/include/armadillo:104:0,
                 from Common.h:3,
                 from MultiClassClassificator.h:12,
                 from MultiClassClassificator.cpp:11:
/usr/include/armadillo_bits/typedef.hpp:139:21: error:                 typedef class arma::Mat<float> arma::fmat
MultiClassClassificator.cpp:60:11: error: expected ‘;’ before ‘initialThetaVector’
MultiClassClassificator.cpp:61:9: error: reference to ‘fmat’ is ambiguous
In file included from MultiClassClassificator.h:12:0,
                 from MultiClassClassificator.cpp:11:
Common.h:4:7: error: candidates are: class fmat
In file included from /usr/include/armadillo:104:0,
                 from Common.h:3,
                 from MultiClassClassificator.h:12,
                 from MultiClassClassificator.cpp:11:
/usr/include/armadillo_bits/typedef.hpp:139:21: error:                 typedef class arma::Mat<float> arma::fmat
MultiClassClassificator.cpp:61:14: error: expected ‘;’ before ‘yTemp’
MultiClassClassificator.cpp:62:38: error: ‘y’ was not declared in this scope
MultiClassClassificator.cpp:63:20: error: ‘yTemp’ was not declared in this scope
MultiClassClassificator.cpp:66:49: error: ‘initialThetaVector’ was not declared in this scope
MultiClassClassificator.cpp:66:69: error: ‘X’ was not declared in this scope
MultiClassClassificator.cpp:66:72: error: ‘yTemp’ was not declared in this scope
MultiClassClassificator.cpp:66:81: error: ‘trainThetaVector’ was not declared in this scope
MultiClassClassificator.cpp: At global scope:
MultiClassClassificator.cpp:71:54: error: ‘int MultiClassClassificator::predictUsingThetaMatrix’ is not a static member of ‘class MultiClassClassificator’
MultiClassClassificator.cpp:71:54: error: reference to ‘fmat’ is ambiguous
In file included from MultiClassClassificator.h:12:0,
                 from MultiClassClassificator.cpp:11:
Common.h:4:7: error: candidates are: class fmat
In file included from /usr/include/armadillo:104:0,
                 from Common.h:3,
                 from MultiClassClassificator.h:12,
                 from MultiClassClassificator.cpp:11:
/usr/include/armadillo_bits/typedef.hpp:139:21: error:                 typedef class arma::Mat<float> arma::fmat
MultiClassClassificator.cpp:71:69: error: reference to ‘fmat’ is ambiguous
In file included from MultiClassClassificator.h:12:0,
                 from MultiClassClassificator.cpp:11:
Common.h:4:7: error: candidates are: class fmat
In file included from /usr/include/armadillo:104:0,
                 from Common.h:3,
                 from MultiClassClassificator.h:12,
                 from MultiClassClassificator.cpp:11:
/usr/include/armadillo_bits/typedef.hpp:139:21: error:                 typedef class arma::Mat<float> arma::fmat
MultiClassClassificator.cpp:71:75: error: expression list treated as compound expression in initializer [-fpermissive]
MultiClassClassificator.cpp:72:1: error: expected ‘,’ or ‘;’ before ‘{’ token
make: *** [Predict] Error 1
